20240211	18:09:08	64499804-acbd-49b0-bd4b-ea461e5d50f5	Error: Not allowed by CORS	OPTIONS	/	
    https://www.google.com
20240211	18:09:08	738e0279-b7b0-4301-9520-5d746ff54d12	Error: Not allowed by CORS	GET	/	
    https://www.google.com
20240212	17:36:31	2ba66e9a-e29f-4da2-91ac-95334c3304c4	TypeError: Cannot destructure property 'firstname' of 'require.body' as it is undefined.	POST	/users	
    undefined
20240212	17:37:34	95a7e8f7-5ec2-40f1-99c0-25f362c3e254	TypeError: roles.length is not a function	POST	/users	
    undefined
20240212	17:38:07	1cdfe3b1-f988-4f01-92d4-4d1f049eaba3	TypeError: roles.length is not a function	POST	/users	
    undefined
20240212	17:38:26	c7207fbc-759f-46e5-9e5c-a4e3bc70f635	ValidationError: User validation failed: roles: Cast to string failed for value "[ 'Customer' ]" (type Array) at path "roles"	POST	/users	
    undefined
20240213	18:29:09	c3202e2f-7383-4fc2-a6c9-839406e074c4	Error: Not allowed by CORS	OPTIONS	/auth	
    http://localhost:8080
20240213	18:34:18	8585cccc-fb70-41f5-9976-ddef2413af4c	Error: Not allowed by CORS	OPTIONS	/auth	
    http://localhost:8080
20240215	16:39:09	7e352aba-9512-4cd1-ab07-24c78652374f	ReferenceError: cpassword is not defined	POST	/auth/register	
    undefined
20240216	17:20:58	40ca849b-3828-499b-886b-d751980a9070	ReferenceError: localStorage is not defined	POST	/auth	
    http://localhost:8080
